2017-06-14 03:55:00,499 utils.py [django.db.backends:89] [DEBUG]- (0.071) SET SQL_AUTO_IS_NULL = 0; args=None
2017-06-14 03:55:01,068 utils.py [django.db.backends:89] [DEBUG]- (0.070) SET SQL_AUTO_IS_NULL = 0; args=None
2017-06-14 03:55:01,138 utils.py [django.db.backends:89] [DEBUG]- (0.069) SHOW FULL TABLES; args=None
2017-06-14 03:55:01,278 utils.py [django.db.backends:89] [DEBUG]- (0.133) SELECT `django_migrations`.`app`, `django_migrations`.`name` FROM `django_migrations`; args=()
2017-06-14 04:06:16,334 utils.py [django.db.backends:89] [DEBUG]- (0.045) SET SQL_AUTO_IS_NULL = 0; args=None
2017-06-14 04:06:16,634 utils.py [django.db.backends:89] [DEBUG]- (0.043) SET SQL_AUTO_IS_NULL = 0; args=None
2017-06-14 04:06:16,678 utils.py [django.db.backends:89] [DEBUG]- (0.045) SELECT `django_session`.`session_key`, `django_session`.`session_data`, `django_session`.`expire_date` FROM `django_session` WHERE (`django_session`.`session_key` = 'pr35sunyx59klsp6qxuqx4upwegh8hk3' AND `django_session`.`expire_date` > '2017-06-14 04:06:16.032000'); args=('pr35sunyx59klsp6qxuqx4upwegh8hk3', u'2017-06-14 04:06:16.032000')
2017-06-14 04:06:16,726 utils.py [django.db.backends:89] [DEBUG]- (0.046) SELECT `auth_user`.`id`, `auth_user`.`password`, `auth_user`.`last_login`, `auth_user`.`is_superuser`, `auth_user`.`username`, `auth_user`.`first_name`, `auth_user`.`last_name`, `auth_user`.`email`, `auth_user`.`is_staff`, `auth_user`.`is_active`, `auth_user`.`date_joined` FROM `auth_user` WHERE `auth_user`.`id` = 6; args=(6,)
2017-06-14 04:06:16,772 utils.py [django.db.backends:89] [DEBUG]- (0.044) SELECT `accounts_userprofile`.`id`, `accounts_userprofile`.`user_id`, `accounts_userprofile`.`role` FROM `accounts_userprofile` WHERE `accounts_userprofile`.`user_id` = 6; args=(6,)
2017-06-14 04:06:16,772 views.py [django:47] [INFO]- 127.0.0.1 is requesting /
2017-06-14 04:06:17,344 utils.py [django.db.backends:89] [DEBUG]- (0.042) SET SQL_AUTO_IS_NULL = 0; args=None
2017-06-14 04:06:17,645 utils.py [django.db.backends:89] [DEBUG]- (0.043) SET SQL_AUTO_IS_NULL = 0; args=None
2017-06-14 04:06:17,691 utils.py [django.db.backends:89] [DEBUG]- (0.045) SELECT `django_session`.`session_key`, `django_session`.`session_data`, `django_session`.`expire_date` FROM `django_session` WHERE (`django_session`.`session_key` = 'pr35sunyx59klsp6qxuqx4upwegh8hk3' AND `django_session`.`expire_date` > '2017-06-14 04:06:17.041000'); args=('pr35sunyx59klsp6qxuqx4upwegh8hk3', u'2017-06-14 04:06:17.041000')
2017-06-14 04:06:17,742 utils.py [django.db.backends:89] [DEBUG]- (0.046) SELECT `auth_user`.`id`, `auth_user`.`password`, `auth_user`.`last_login`, `auth_user`.`is_superuser`, `auth_user`.`username`, `auth_user`.`first_name`, `auth_user`.`last_name`, `auth_user`.`email`, `auth_user`.`is_staff`, `auth_user`.`is_active`, `auth_user`.`date_joined` FROM `auth_user` WHERE `auth_user`.`id` = 6; args=(6,)
2017-06-14 04:06:17,789 utils.py [django.db.backends:89] [DEBUG]- (0.044) SELECT `accounts_userprofile`.`id`, `accounts_userprofile`.`user_id`, `accounts_userprofile`.`role` FROM `accounts_userprofile` WHERE `accounts_userprofile`.`user_id` = 6; args=(6,)
2017-06-14 04:06:17,789 views.py [django:70] [INFO]- 127.0.0.1 is requesting /tomcat/tomcat_url
2017-06-14 04:06:17,867 tomcat_url.py [django:19] [INFO]- [POST]127.0.0.1 is requesting. /tomcat/tomcat_url/Query
2017-06-14 04:06:17,868 tomcat_url.py [django:34] [INFO]- 查询参数：query_all
2017-06-14 04:06:18,174 utils.py [django.db.backends:89] [DEBUG]- (0.043) SET SQL_AUTO_IS_NULL = 0; args=None
2017-06-14 04:06:18,253 utils.py [django.db.backends:89] [DEBUG]- (0.078) SELECT `check_tomcat_tomcat_url`.`id`, `check_tomcat_tomcat_url`.`project`, `check_tomcat_tomcat_url`.`server_ip`, `check_tomcat_tomcat_url`.`server_type`, `check_tomcat_tomcat_url`.`role`, `check_tomcat_tomcat_url`.`domain`, `check_tomcat_tomcat_url`.`url`, `check_tomcat_tomcat_url`.`status`, `check_tomcat_tomcat_url`.`info` FROM `check_tomcat_tomcat_url`; args=()
2017-06-14 04:06:24,240 tomcat_url.py [django:19] [INFO]- [POST]127.0.0.1 is requesting. /tomcat/tomcat_url/Query
2017-06-14 04:06:24,240 tomcat_url.py [django:34] [INFO]- 查询参数：query_inactive
2017-06-14 04:06:24,540 utils.py [django.db.backends:89] [DEBUG]- (0.042) SET SQL_AUTO_IS_NULL = 0; args=None
2017-06-14 04:06:24,839 utils.py [django.db.backends:89] [DEBUG]- (0.043) SET SQL_AUTO_IS_NULL = 0; args=None
2017-06-14 04:06:24,888 utils.py [django.db.backends:89] [DEBUG]- (0.047) SELECT `check_tomcat_tomcat_url`.`id`, `check_tomcat_tomcat_url`.`project`, `check_tomcat_tomcat_url`.`server_ip`, `check_tomcat_tomcat_url`.`server_type`, `check_tomcat_tomcat_url`.`role`, `check_tomcat_tomcat_url`.`domain`, `check_tomcat_tomcat_url`.`url`, `check_tomcat_tomcat_url`.`status`, `check_tomcat_tomcat_url`.`info` FROM `check_tomcat_tomcat_url` WHERE `check_tomcat_tomcat_url`.`status` = 'inactive'; args=('inactive',)
2017-06-14 04:08:38,234 utils.py [django.db.backends:89] [DEBUG]- (0.042) SET SQL_AUTO_IS_NULL = 0; args=None
2017-06-14 04:08:38,562 utils.py [django.db.backends:89] [DEBUG]- (0.050) SET SQL_AUTO_IS_NULL = 0; args=None
2017-06-14 04:08:38,608 utils.py [django.db.backends:89] [DEBUG]- (0.046) SELECT `django_session`.`session_key`, `django_session`.`session_data`, `django_session`.`expire_date` FROM `django_session` WHERE (`django_session`.`session_key` = 'pr35sunyx59klsp6qxuqx4upwegh8hk3' AND `django_session`.`expire_date` > '2017-06-14 04:08:37.933000'); args=('pr35sunyx59klsp6qxuqx4upwegh8hk3', u'2017-06-14 04:08:37.933000')
2017-06-14 04:08:38,657 utils.py [django.db.backends:89] [DEBUG]- (0.046) SELECT `auth_user`.`id`, `auth_user`.`password`, `auth_user`.`last_login`, `auth_user`.`is_superuser`, `auth_user`.`username`, `auth_user`.`first_name`, `auth_user`.`last_name`, `auth_user`.`email`, `auth_user`.`is_staff`, `auth_user`.`is_active`, `auth_user`.`date_joined` FROM `auth_user` WHERE `auth_user`.`id` = 6; args=(6,)
2017-06-14 04:08:38,703 utils.py [django.db.backends:89] [DEBUG]- (0.044) SELECT `accounts_userprofile`.`id`, `accounts_userprofile`.`user_id`, `accounts_userprofile`.`role` FROM `accounts_userprofile` WHERE `accounts_userprofile`.`user_id` = 6; args=(6,)
2017-06-14 04:08:38,703 tomcat_url.py [django:145] [INFO]- ['__class__', '__delattr__', '__dict__', '__doc__', '__format__', '__getattribute__', '__hash__', '__init__', '__iter__', '__module__', '__new__', '__reduce__', '__reduce_ex__', '__repr__', '__setattr__', '__sizeof__', '__str__', '__subclasshook__', '__weakref__', '_get_new_messages', '_message_queue', 'accept_connection', 'close', 'closed', 'count_messages', 'has_messages', 'protocol', 'read', 'send', 'wait']
2017-06-14 04:08:38,704 tomcat_url.py [django:154] [INFO]- 127.0.0.1 is requesting. /tomcat/tomcat_url/CheckServer 执行参数：{u'url': u'http://172.20.0.171:8030', u'domain': u'message.ag288.net', u'server_ip': u'EST_0_171', u'server_type': u'tomcat'}
2017-06-14 04:09:02,127 tomcat_url.py [django:19] [INFO]- [POST]127.0.0.1 is requesting. /tomcat/tomcat_url/Query
2017-06-14 04:09:02,127 tomcat_url.py [django:34] [INFO]- 查询参数：query_all
2017-06-14 04:09:02,614 utils.py [django.db.backends:89] [DEBUG]- (0.100) SET SQL_AUTO_IS_NULL = 0; args=None
2017-06-14 04:09:03,005 utils.py [django.db.backends:89] [DEBUG]- (0.390) SELECT `check_tomcat_tomcat_url`.`id`, `check_tomcat_tomcat_url`.`project`, `check_tomcat_tomcat_url`.`server_ip`, `check_tomcat_tomcat_url`.`server_type`, `check_tomcat_tomcat_url`.`role`, `check_tomcat_tomcat_url`.`domain`, `check_tomcat_tomcat_url`.`url`, `check_tomcat_tomcat_url`.`status`, `check_tomcat_tomcat_url`.`info` FROM `check_tomcat_tomcat_url`; args=()
2017-06-14 04:09:49,059 utils.py [django.db.backends:89] [DEBUG]- (0.047) SET SQL_AUTO_IS_NULL = 0; args=None
2017-06-14 04:09:49,371 utils.py [django.db.backends:89] [DEBUG]- (0.047) SET SQL_AUTO_IS_NULL = 0; args=None
2017-06-14 04:09:49,415 utils.py [django.db.backends:89] [DEBUG]- (0.045) SELECT `django_session`.`session_key`, `django_session`.`session_data`, `django_session`.`expire_date` FROM `django_session` WHERE (`django_session`.`session_key` = 'pr35sunyx59klsp6qxuqx4upwegh8hk3' AND `django_session`.`expire_date` > '2017-06-14 04:09:48.748000'); args=('pr35sunyx59klsp6qxuqx4upwegh8hk3', u'2017-06-14 04:09:48.748000')
2017-06-14 04:09:49,463 utils.py [django.db.backends:89] [DEBUG]- (0.046) SELECT `auth_user`.`id`, `auth_user`.`password`, `auth_user`.`last_login`, `auth_user`.`is_superuser`, `auth_user`.`username`, `auth_user`.`first_name`, `auth_user`.`last_name`, `auth_user`.`email`, `auth_user`.`is_staff`, `auth_user`.`is_active`, `auth_user`.`date_joined` FROM `auth_user` WHERE `auth_user`.`id` = 6; args=(6,)
2017-06-14 04:09:49,507 utils.py [django.db.backends:89] [DEBUG]- (0.044) SELECT `accounts_userprofile`.`id`, `accounts_userprofile`.`user_id`, `accounts_userprofile`.`role` FROM `accounts_userprofile` WHERE `accounts_userprofile`.`user_id` = 6; args=(6,)
2017-06-14 04:09:49,509 tomcat_url.py [django:145] [INFO]- ['__class__', '__delattr__', '__dict__', '__doc__', '__format__', '__getattribute__', '__hash__', '__init__', '__iter__', '__module__', '__new__', '__reduce__', '__reduce_ex__', '__repr__', '__setattr__', '__sizeof__', '__str__', '__subclasshook__', '__weakref__', '_get_new_messages', '_message_queue', 'accept_connection', 'close', 'closed', 'count_messages', 'has_messages', 'protocol', 'read', 'send', 'wait']
2017-06-14 04:09:49,509 tomcat_url.py [django:154] [INFO]- 127.0.0.1 is requesting. /tomcat/tomcat_url/CheckServer 执行参数：{u'url': u'http://172.20.0.238:7100', u'domain': u'office.ag288.net', u'server_ip': u'EST_0_238', u'server_type': u'tomcat'}
2017-06-14 04:09:52,002 utils.py [django.db.backends:89] [DEBUG]- (0.060) SET SQL_AUTO_IS_NULL = 0; args=None
2017-06-14 04:09:52,423 utils.py [django.db.backends:89] [DEBUG]- (0.060) SET SQL_AUTO_IS_NULL = 0; args=None
2017-06-14 04:09:52,473 utils.py [django.db.backends:89] [DEBUG]- (0.050) SELECT `django_session`.`session_key`, `django_session`.`session_data`, `django_session`.`expire_date` FROM `django_session` WHERE (`django_session`.`session_key` = 'pr35sunyx59klsp6qxuqx4upwegh8hk3' AND `django_session`.`expire_date` > '2017-06-14 04:09:51.553000'); args=('pr35sunyx59klsp6qxuqx4upwegh8hk3', u'2017-06-14 04:09:51.553000')
2017-06-14 04:09:52,523 utils.py [django.db.backends:89] [DEBUG]- (0.049) SELECT `auth_user`.`id`, `auth_user`.`password`, `auth_user`.`last_login`, `auth_user`.`is_superuser`, `auth_user`.`username`, `auth_user`.`first_name`, `auth_user`.`last_name`, `auth_user`.`email`, `auth_user`.`is_staff`, `auth_user`.`is_active`, `auth_user`.`date_joined` FROM `auth_user` WHERE `auth_user`.`id` = 6; args=(6,)
2017-06-14 04:09:52,653 utils.py [django.db.backends:89] [DEBUG]- (0.129) SELECT `accounts_userprofile`.`id`, `accounts_userprofile`.`user_id`, `accounts_userprofile`.`role` FROM `accounts_userprofile` WHERE `accounts_userprofile`.`user_id` = 6; args=(6,)
2017-06-14 04:09:52,654 tomcat_url.py [django:145] [INFO]- ['__class__', '__delattr__', '__dict__', '__doc__', '__format__', '__getattribute__', '__hash__', '__init__', '__iter__', '__module__', '__new__', '__reduce__', '__reduce_ex__', '__repr__', '__setattr__', '__sizeof__', '__str__', '__subclasshook__', '__weakref__', '_get_new_messages', '_message_queue', 'accept_connection', 'close', 'closed', 'count_messages', 'has_messages', 'protocol', 'read', 'send', 'wait']
2017-06-14 04:09:52,654 tomcat_url.py [django:154] [INFO]- 127.0.0.1 is requesting. /tomcat/tomcat_url/CheckServer 执行参数：{u'url': u'http://172.20.0.238:7110', u'domain': u'officews86.js.local', u'server_ip': u'EST_0_238', u'server_type': u'tomcat'}
2017-06-14 04:09:57,612 utils.py [django.db.backends:89] [DEBUG]- (0.060) SET SQL_AUTO_IS_NULL = 0; args=None
2017-06-14 04:09:58,381 utils.py [django.db.backends:89] [DEBUG]- (0.059) SET SQL_AUTO_IS_NULL = 0; args=None
2017-06-14 04:09:58,461 utils.py [django.db.backends:89] [DEBUG]- (0.079) SELECT `django_session`.`session_key`, `django_session`.`session_data`, `django_session`.`expire_date` FROM `django_session` WHERE (`django_session`.`session_key` = 'pr35sunyx59klsp6qxuqx4upwegh8hk3' AND `django_session`.`expire_date` > '2017-06-14 04:09:57.145000'); args=('pr35sunyx59klsp6qxuqx4upwegh8hk3', u'2017-06-14 04:09:57.145000')
2017-06-14 04:09:58,532 utils.py [django.db.backends:89] [DEBUG]- (0.068) SELECT `auth_user`.`id`, `auth_user`.`password`, `auth_user`.`last_login`, `auth_user`.`is_superuser`, `auth_user`.`username`, `auth_user`.`first_name`, `auth_user`.`last_name`, `auth_user`.`email`, `auth_user`.`is_staff`, `auth_user`.`is_active`, `auth_user`.`date_joined` FROM `auth_user` WHERE `auth_user`.`id` = 6; args=(6,)
2017-06-14 04:09:58,592 utils.py [django.db.backends:89] [DEBUG]- (0.058) SELECT `accounts_userprofile`.`id`, `accounts_userprofile`.`user_id`, `accounts_userprofile`.`role` FROM `accounts_userprofile` WHERE `accounts_userprofile`.`user_id` = 6; args=(6,)
2017-06-14 04:09:58,592 tomcat_url.py [django:145] [INFO]- ['__class__', '__delattr__', '__dict__', '__doc__', '__format__', '__getattribute__', '__hash__', '__init__', '__iter__', '__module__', '__new__', '__reduce__', '__reduce_ex__', '__repr__', '__setattr__', '__sizeof__', '__str__', '__subclasshook__', '__weakref__', '_get_new_messages', '_message_queue', 'accept_connection', 'close', 'closed', 'count_messages', 'has_messages', 'protocol', 'read', 'send', 'wait']
2017-06-14 04:09:58,592 tomcat_url.py [django:154] [INFO]- 127.0.0.1 is requesting. /tomcat/tomcat_url/CheckServer 执行参数：{u'url': u'http://172.20.0.238:7100', u'domain': u'office.ag288.net', u'server_ip': u'EST_0_238', u'server_type': u'tomcat'}
2017-06-14 04:10:01,642 utils.py [django.db.backends:89] [DEBUG]- (0.061) SET SQL_AUTO_IS_NULL = 0; args=None
2017-06-14 04:10:02,052 utils.py [django.db.backends:89] [DEBUG]- (0.070) SET SQL_AUTO_IS_NULL = 0; args=None
2017-06-14 04:10:02,102 utils.py [django.db.backends:89] [DEBUG]- (0.049) SELECT `django_session`.`session_key`, `django_session`.`session_data`, `django_session`.`expire_date` FROM `django_session` WHERE (`django_session`.`session_key` = 'pr35sunyx59klsp6qxuqx4upwegh8hk3' AND `django_session`.`expire_date` > '2017-06-14 04:10:01.240000'); args=('pr35sunyx59klsp6qxuqx4upwegh8hk3', u'2017-06-14 04:10:01.240000')
2017-06-14 04:10:02,163 utils.py [django.db.backends:89] [DEBUG]- (0.058) SELECT `auth_user`.`id`, `auth_user`.`password`, `auth_user`.`last_login`, `auth_user`.`is_superuser`, `auth_user`.`username`, `auth_user`.`first_name`, `auth_user`.`last_name`, `auth_user`.`email`, `auth_user`.`is_staff`, `auth_user`.`is_active`, `auth_user`.`date_joined` FROM `auth_user` WHERE `auth_user`.`id` = 6; args=(6,)
2017-06-14 04:10:02,213 utils.py [django.db.backends:89] [DEBUG]- (0.047) SELECT `accounts_userprofile`.`id`, `accounts_userprofile`.`user_id`, `accounts_userprofile`.`role` FROM `accounts_userprofile` WHERE `accounts_userprofile`.`user_id` = 6; args=(6,)
2017-06-14 04:10:02,213 tomcat_url.py [django:145] [INFO]- ['__class__', '__delattr__', '__dict__', '__doc__', '__format__', '__getattribute__', '__hash__', '__init__', '__iter__', '__module__', '__new__', '__reduce__', '__reduce_ex__', '__repr__', '__setattr__', '__sizeof__', '__str__', '__subclasshook__', '__weakref__', '_get_new_messages', '_message_queue', 'accept_connection', 'close', 'closed', 'count_messages', 'has_messages', 'protocol', 'read', 'send', 'wait']
2017-06-14 04:10:02,214 tomcat_url.py [django:154] [INFO]- 127.0.0.1 is requesting. /tomcat/tomcat_url/CheckServer 执行参数：{u'url': u'http://172.20.0.238:7110', u'domain': u'officews86.js.local', u'server_ip': u'EST_0_238', u'server_type': u'tomcat'}
2017-06-14 04:30:37,641 utils.py [django.db.backends:89] [DEBUG]- (0.042) SET SQL_AUTO_IS_NULL = 0; args=None
2017-06-14 04:30:38,000 utils.py [django.db.backends:89] [DEBUG]- (0.043) SET SQL_AUTO_IS_NULL = 0; args=None
2017-06-14 04:30:38,049 utils.py [django.db.backends:89] [DEBUG]- (0.049) SHOW FULL TABLES; args=None
2017-06-14 04:30:38,102 utils.py [django.db.backends:89] [DEBUG]- (0.047) SELECT `django_migrations`.`app`, `django_migrations`.`name` FROM `django_migrations`; args=()
2017-06-14 04:33:51,433 tomcat_url.py [django:19] [INFO]- [POST]127.0.0.1 is requesting. /tomcat/tomcat_url/Query
2017-06-14 04:33:51,434 tomcat_url.py [django:34] [INFO]- 查询参数：query_inactive
2017-06-14 04:33:51,875 utils.py [django.db.backends:89] [DEBUG]- (0.050) SET SQL_AUTO_IS_NULL = 0; args=None
2017-06-14 04:33:52,305 utils.py [django.db.backends:89] [DEBUG]- (0.050) SET SQL_AUTO_IS_NULL = 0; args=None
2017-06-14 04:33:52,375 utils.py [django.db.backends:89] [DEBUG]- (0.069) SELECT `check_tomcat_tomcat_url`.`id`, `check_tomcat_tomcat_url`.`project`, `check_tomcat_tomcat_url`.`server_ip`, `check_tomcat_tomcat_url`.`server_type`, `check_tomcat_tomcat_url`.`role`, `check_tomcat_tomcat_url`.`domain`, `check_tomcat_tomcat_url`.`url`, `check_tomcat_tomcat_url`.`status`, `check_tomcat_tomcat_url`.`info` FROM `check_tomcat_tomcat_url` WHERE `check_tomcat_tomcat_url`.`status` = 'inactive'; args=('inactive',)
2017-06-14 04:33:54,266 utils.py [django.db.backends:89] [DEBUG]- (0.080) SET SQL_AUTO_IS_NULL = 0; args=None
2017-06-14 04:33:57,845 utils.py [django.db.backends:89] [DEBUG]- (0.540) SET SQL_AUTO_IS_NULL = 0; args=None
2017-06-14 04:33:58,006 utils.py [django.db.backends:89] [DEBUG]- (0.160) SELECT `django_session`.`session_key`, `django_session`.`session_data`, `django_session`.`expire_date` FROM `django_session` WHERE (`django_session`.`session_key` = 'pr35sunyx59klsp6qxuqx4upwegh8hk3' AND `django_session`.`expire_date` > '2017-06-14 04:33:53.754000'); args=('pr35sunyx59klsp6qxuqx4upwegh8hk3', u'2017-06-14 04:33:53.754000')
2017-06-14 04:33:58,055 utils.py [django.db.backends:89] [DEBUG]- (0.047) SELECT `auth_user`.`id`, `auth_user`.`password`, `auth_user`.`last_login`, `auth_user`.`is_superuser`, `auth_user`.`username`, `auth_user`.`first_name`, `auth_user`.`last_name`, `auth_user`.`email`, `auth_user`.`is_staff`, `auth_user`.`is_active`, `auth_user`.`date_joined` FROM `auth_user` WHERE `auth_user`.`id` = 6; args=(6,)
2017-06-14 04:33:58,115 utils.py [django.db.backends:89] [DEBUG]- (0.058) SELECT `accounts_userprofile`.`id`, `accounts_userprofile`.`user_id`, `accounts_userprofile`.`role` FROM `accounts_userprofile` WHERE `accounts_userprofile`.`user_id` = 6; args=(6,)
2017-06-14 04:33:58,117 tomcat_url.py [django:154] [INFO]- 127.0.0.1 is requesting. /tomcat/tomcat_url/CheckServer 执行参数：{u'url': u'EST_0_96', u'domain': u'null', u'server_ip': u'EST_0_96', u'server_type': u'app'}
2017-06-14 04:34:02,846 tomcat_url.py [django:171] [INFO]- exe_result: {u'EST_0_96': u''}
2017-06-14 04:35:01,974 utils.py [django.db.backends:89] [DEBUG]- (0.340) SET SQL_AUTO_IS_NULL = 0; args=None
2017-06-14 04:35:07,394 utils.py [django.db.backends:89] [DEBUG]- (0.690) SET SQL_AUTO_IS_NULL = 0; args=None
2017-06-14 04:35:08,085 utils.py [django.db.backends:89] [DEBUG]- (0.690) SHOW FULL TABLES; args=None
2017-06-14 04:35:08,644 utils.py [django.db.backends:89] [DEBUG]- (0.556) SELECT `django_migrations`.`app`, `django_migrations`.`name` FROM `django_migrations`; args=()
2017-06-14 04:36:15,414 utils.py [django.db.backends:89] [DEBUG]- (0.042) SET SQL_AUTO_IS_NULL = 0; args=None
2017-06-14 04:36:15,720 utils.py [django.db.backends:89] [DEBUG]- (0.043) SET SQL_AUTO_IS_NULL = 0; args=None
2017-06-14 04:36:15,766 utils.py [django.db.backends:89] [DEBUG]- (0.044) SELECT `django_session`.`session_key`, `django_session`.`session_data`, `django_session`.`expire_date` FROM `django_session` WHERE (`django_session`.`session_key` = 'pr35sunyx59klsp6qxuqx4upwegh8hk3' AND `django_session`.`expire_date` > '2017-06-14 04:36:15.114000'); args=('pr35sunyx59klsp6qxuqx4upwegh8hk3', u'2017-06-14 04:36:15.114000')
2017-06-14 04:36:15,812 utils.py [django.db.backends:89] [DEBUG]- (0.046) SELECT `auth_user`.`id`, `auth_user`.`password`, `auth_user`.`last_login`, `auth_user`.`is_superuser`, `auth_user`.`username`, `auth_user`.`first_name`, `auth_user`.`last_name`, `auth_user`.`email`, `auth_user`.`is_staff`, `auth_user`.`is_active`, `auth_user`.`date_joined` FROM `auth_user` WHERE `auth_user`.`id` = 6; args=(6,)
2017-06-14 04:36:15,858 utils.py [django.db.backends:89] [DEBUG]- (0.044) SELECT `accounts_userprofile`.`id`, `accounts_userprofile`.`user_id`, `accounts_userprofile`.`role` FROM `accounts_userprofile` WHERE `accounts_userprofile`.`user_id` = 6; args=(6,)
2017-06-14 04:36:15,858 views.py [django:47] [INFO]- 127.0.0.1 is requesting /
2017-06-14 04:36:16,851 utils.py [django.db.backends:89] [DEBUG]- (0.043) SET SQL_AUTO_IS_NULL = 0; args=None
2017-06-14 04:36:17,151 utils.py [django.db.backends:89] [DEBUG]- (0.042) SET SQL_AUTO_IS_NULL = 0; args=None
2017-06-14 04:36:17,196 utils.py [django.db.backends:89] [DEBUG]- (0.044) SELECT `django_session`.`session_key`, `django_session`.`session_data`, `django_session`.`expire_date` FROM `django_session` WHERE (`django_session`.`session_key` = 'pr35sunyx59klsp6qxuqx4upwegh8hk3' AND `django_session`.`expire_date` > '2017-06-14 04:36:16.553000'); args=('pr35sunyx59klsp6qxuqx4upwegh8hk3', u'2017-06-14 04:36:16.553000')
2017-06-14 04:36:17,243 utils.py [django.db.backends:89] [DEBUG]- (0.045) SELECT `auth_user`.`id`, `auth_user`.`password`, `auth_user`.`last_login`, `auth_user`.`is_superuser`, `auth_user`.`username`, `auth_user`.`first_name`, `auth_user`.`last_name`, `auth_user`.`email`, `auth_user`.`is_staff`, `auth_user`.`is_active`, `auth_user`.`date_joined` FROM `auth_user` WHERE `auth_user`.`id` = 6; args=(6,)
2017-06-14 04:36:17,288 utils.py [django.db.backends:89] [DEBUG]- (0.044) SELECT `accounts_userprofile`.`id`, `accounts_userprofile`.`user_id`, `accounts_userprofile`.`role` FROM `accounts_userprofile` WHERE `accounts_userprofile`.`user_id` = 6; args=(6,)
2017-06-14 04:36:17,289 views.py [django:70] [INFO]- 127.0.0.1 is requesting /tomcat/tomcat_url
2017-06-14 04:36:17,377 tomcat_url.py [django:19] [INFO]- [POST]127.0.0.1 is requesting. /tomcat/tomcat_url/Query
2017-06-14 04:36:17,377 tomcat_url.py [django:34] [INFO]- 查询参数：query_all
2017-06-14 04:36:17,680 utils.py [django.db.backends:89] [DEBUG]- (0.042) SET SQL_AUTO_IS_NULL = 0; args=None
2017-06-14 04:36:17,753 utils.py [django.db.backends:89] [DEBUG]- (0.074) SELECT `check_tomcat_tomcat_url`.`id`, `check_tomcat_tomcat_url`.`project`, `check_tomcat_tomcat_url`.`server_ip`, `check_tomcat_tomcat_url`.`server_type`, `check_tomcat_tomcat_url`.`role`, `check_tomcat_tomcat_url`.`domain`, `check_tomcat_tomcat_url`.`url`, `check_tomcat_tomcat_url`.`status`, `check_tomcat_tomcat_url`.`info` FROM `check_tomcat_tomcat_url`; args=()
2017-06-14 04:36:18,022 tomcat_url.py [django:19] [INFO]- [POST]127.0.0.1 is requesting. /tomcat/tomcat_url/Query
2017-06-14 04:36:18,023 tomcat_url.py [django:34] [INFO]- 查询参数：query_inactive
2017-06-14 04:36:18,321 utils.py [django.db.backends:89] [DEBUG]- (0.042) SET SQL_AUTO_IS_NULL = 0; args=None
2017-06-14 04:36:18,621 utils.py [django.db.backends:89] [DEBUG]- (0.043) SET SQL_AUTO_IS_NULL = 0; args=None
2017-06-14 04:36:18,670 utils.py [django.db.backends:89] [DEBUG]- (0.048) SELECT `check_tomcat_tomcat_url`.`id`, `check_tomcat_tomcat_url`.`project`, `check_tomcat_tomcat_url`.`server_ip`, `check_tomcat_tomcat_url`.`server_type`, `check_tomcat_tomcat_url`.`role`, `check_tomcat_tomcat_url`.`domain`, `check_tomcat_tomcat_url`.`url`, `check_tomcat_tomcat_url`.`status`, `check_tomcat_tomcat_url`.`info` FROM `check_tomcat_tomcat_url` WHERE `check_tomcat_tomcat_url`.`status` = 'inactive'; args=('inactive',)
2017-06-14 04:36:25,785 utils.py [django.db.backends:89] [DEBUG]- (0.042) SET SQL_AUTO_IS_NULL = 0; args=None
2017-06-14 04:36:26,105 utils.py [django.db.backends:89] [DEBUG]- (0.042) SET SQL_AUTO_IS_NULL = 0; args=None
2017-06-14 04:36:26,151 utils.py [django.db.backends:89] [DEBUG]- (0.045) SELECT `django_session`.`session_key`, `django_session`.`session_data`, `django_session`.`expire_date` FROM `django_session` WHERE (`django_session`.`session_key` = 'pr35sunyx59klsp6qxuqx4upwegh8hk3' AND `django_session`.`expire_date` > '2017-06-14 04:36:25.471000'); args=('pr35sunyx59klsp6qxuqx4upwegh8hk3', u'2017-06-14 04:36:25.471000')
2017-06-14 04:36:26,197 utils.py [django.db.backends:89] [DEBUG]- (0.046) SELECT `auth_user`.`id`, `auth_user`.`password`, `auth_user`.`last_login`, `auth_user`.`is_superuser`, `auth_user`.`username`, `auth_user`.`first_name`, `auth_user`.`last_name`, `auth_user`.`email`, `auth_user`.`is_staff`, `auth_user`.`is_active`, `auth_user`.`date_joined` FROM `auth_user` WHERE `auth_user`.`id` = 6; args=(6,)
2017-06-14 04:36:26,243 utils.py [django.db.backends:89] [DEBUG]- (0.045) SELECT `accounts_userprofile`.`id`, `accounts_userprofile`.`user_id`, `accounts_userprofile`.`role` FROM `accounts_userprofile` WHERE `accounts_userprofile`.`user_id` = 6; args=(6,)
2017-06-14 04:36:26,244 tomcat_url.py [django:154] [INFO]- 127.0.0.1 is requesting. /tomcat/tomcat_url/CheckServer 执行参数：{u'url': u'EST_0_96', u'domain': u'null', u'server_ip': u'EST_0_96', u'server_type': u'app'}
2017-06-14 04:36:28,020 tomcat_url.py [django:171] [INFO]- exe_result: 
2017-06-14 04:36:51,322 utils.py [django.db.backends:89] [DEBUG]- (0.060) SET SQL_AUTO_IS_NULL = 0; args=None
2017-06-14 04:36:51,931 utils.py [django.db.backends:89] [DEBUG]- (0.050) SET SQL_AUTO_IS_NULL = 0; args=None
2017-06-14 04:36:51,992 utils.py [django.db.backends:89] [DEBUG]- (0.060) SHOW FULL TABLES; args=None
2017-06-14 04:36:52,092 utils.py [django.db.backends:89] [DEBUG]- (0.096) SELECT `django_migrations`.`app`, `django_migrations`.`name` FROM `django_migrations`; args=()
