2017-03-01 18:05:48,433 [Dummy-1:47212256229696] [django.db.backends:90] [DEBUG]- (0.001) SELECT @@SQL_AUTO_IS_NULL; args=None
2017-03-01 18:05:48,436 [Dummy-1:47212256229696] [django.db.backends:90] [DEBUG]- (0.001) SELECT VERSION(); args=None
2017-03-01 18:05:48,523 [Dummy-1:47212256229696] [django.db.backends:90] [DEBUG]- (0.001) SHOW FULL TABLES; args=None
2017-03-01 18:05:48,529 [Dummy-1:47212256229696] [django.db.backends:90] [DEBUG]- (0.001) SELECT `django_migrations`.`app`, `django_migrations`.`name` FROM `django_migrations`; args=()
2017-03-01 18:05:48,870 [Thread-2:47212266723648] [django.server:131] [INFO]- "GET /monitor_server HTTP/1.1" 200 16
2017-03-01 18:06:48,191 [Thread-2:47812259871040] [django.server:131] [INFO]- "GET /monitor_server HTTP/1.1" 200 16
2017-03-01 18:06:55,940 [Thread-3:47812273895744] [django.server:131] [INFO]- "GET /monitor_server HTTP/1.1" 200 16
2017-03-01 18:09:16,176 basehttp.py [django.server:131] [INFO]- "GET /monitor_server HTTP/1.1" 200 16
2017-03-01 18:09:27,807 basehttp.py [django.server:131] [INFO]- "GET /monitor_server HTTP/1.1" 200 16
2017-03-01 18:12:10,503 basehttp.py [django.server:131] [INFO]- "POST /monitor_server HTTP/1.1" 200 8
2017-03-01 18:12:19,245 basehttp.py [django.server:131] [INFO]- "POST /monitor_server HTTP/1.1" 200 8
2017-03-01 18:23:41,720 basehttp.py [django.server:131] [INFO]- "POST /monitor_server HTTP/1.1" 200 8
2017-03-01 18:33:00,686 basehttp.py [django.server:131] [WARNING]- "GET /server_status HTTP/1.1" 404 2064
2017-03-01 18:35:08,391 basehttp.py [django.server:131] [INFO]- "GET /monitor_server HTTP/1.1" 200 16
2017-03-01 18:37:41,007 basehttp.py [django.server:131] [INFO]- "GET /monitor_server HTTP/1.1" 200 16
2017-03-01 18:38:24,775 basehttp.py [django.server:131] [INFO]- "GET /monitor_server HTTP/1.1" 200 16
2017-03-01 18:38:24,962 basehttp.py [django.server:131] [INFO]- "POST /monitor_server HTTP/1.1" 200 8
2017-03-01 18:38:25,128 basehttp.py [django.server:131] [INFO]- "POST /monitor_server HTTP/1.1" 200 8
2017-03-01 18:38:25,155 basehttp.py [django.server:131] [INFO]- "POST /monitor_server HTTP/1.1" 200 8
2017-03-01 18:38:25,175 basehttp.py [django.server:131] [INFO]- "POST /monitor_server HTTP/1.1" 200 8
2017-03-01 18:38:25,233 basehttp.py [django.server:131] [INFO]- "POST /monitor_server HTTP/1.1" 200 8
2017-03-01 18:38:25,277 basehttp.py [django.server:131] [INFO]- "POST /monitor_server HTTP/1.1" 200 8
2017-03-01 18:38:25,383 basehttp.py [django.server:131] [INFO]- "POST /monitor_server HTTP/1.1" 200 8
2017-03-01 18:38:25,401 basehttp.py [django.server:131] [INFO]- "POST /monitor_server HTTP/1.1" 200 8
2017-03-01 18:38:25,419 basehttp.py [django.server:131] [INFO]- "POST /monitor_server HTTP/1.1" 200 8
2017-03-01 18:38:25,439 basehttp.py [django.server:131] [INFO]- "POST /monitor_server HTTP/1.1" 200 8
2017-03-01 18:38:25,460 basehttp.py [django.server:131] [INFO]- "POST /monitor_server HTTP/1.1" 200 8
2017-03-01 18:38:25,485 basehttp.py [django.server:131] [INFO]- "POST /monitor_server HTTP/1.1" 200 8
2017-03-01 18:38:25,588 basehttp.py [django.server:131] [INFO]- "POST /monitor_server HTTP/1.1" 200 8
2017-03-01 18:38:25,691 basehttp.py [django.server:131] [INFO]- "POST /monitor_server HTTP/1.1" 200 8
2017-03-01 18:38:25,801 basehttp.py [django.server:131] [INFO]- "POST /monitor_server HTTP/1.1" 200 8
2017-03-01 18:38:25,905 basehttp.py [django.server:131] [INFO]- "POST /monitor_server HTTP/1.1" 200 8
2017-03-01 18:38:25,925 basehttp.py [django.server:131] [INFO]- "POST /monitor_server HTTP/1.1" 200 8
2017-03-01 18:38:26,121 basehttp.py [django.server:131] [INFO]- "POST /monitor_server HTTP/1.1" 200 8
2017-03-01 18:38:26,317 basehttp.py [django.server:131] [INFO]- "POST /monitor_server HTTP/1.1" 200 8
2017-03-01 18:38:26,427 basehttp.py [django.server:131] [INFO]- "POST /monitor_server HTTP/1.1" 200 8
2017-03-01 18:38:26,535 basehttp.py [django.server:131] [INFO]- "POST /monitor_server HTTP/1.1" 200 8
2017-03-01 18:38:26,553 basehttp.py [django.server:131] [INFO]- "POST /monitor_server HTTP/1.1" 200 8
2017-03-01 18:38:26,660 basehttp.py [django.server:131] [INFO]- "POST /monitor_server HTTP/1.1" 200 8
2017-03-01 18:38:26,707 basehttp.py [django.server:131] [INFO]- "POST /monitor_server HTTP/1.1" 200 8
2017-03-01 18:38:26,770 basehttp.py [django.server:131] [INFO]- "POST /monitor_server HTTP/1.1" 200 8
2017-03-01 18:38:26,869 basehttp.py [django.server:131] [INFO]- "POST /monitor_server HTTP/1.1" 200 8
2017-03-01 18:38:26,970 basehttp.py [django.server:131] [INFO]- "POST /monitor_server HTTP/1.1" 200 8
2017-03-01 18:38:26,992 basehttp.py [django.server:131] [INFO]- "POST /monitor_server HTTP/1.1" 200 8
2017-03-01 18:38:27,013 basehttp.py [django.server:131] [INFO]- "POST /monitor_server HTTP/1.1" 200 8
2017-03-01 18:38:29,046 basehttp.py [django.server:131] [INFO]- "POST /monitor_server HTTP/1.1" 200 8
2017-03-01 18:38:29,424 basehttp.py [django.server:131] [INFO]- "POST /monitor_server HTTP/1.1" 200 8
2017-03-01 18:38:29,523 basehttp.py [django.server:131] [INFO]- "POST /monitor_server HTTP/1.1" 200 8
2017-03-01 18:38:33,034 basehttp.py [django.server:131] [INFO]- "POST /monitor_server HTTP/1.1" 200 8
2017-03-01 18:38:35,375 basehttp.py [django.server:131] [INFO]- "POST /monitor_server HTTP/1.1" 200 8
2017-03-01 18:38:35,759 basehttp.py [django.server:131] [INFO]- "POST /monitor_server HTTP/1.1" 200 8
2017-03-01 18:38:37,279 basehttp.py [django.server:131] [INFO]- "POST /monitor_server HTTP/1.1" 200 8
2017-03-01 18:38:37,645 basehttp.py [django.server:131] [INFO]- "POST /monitor_server HTTP/1.1" 200 8
2017-03-01 18:38:38,575 basehttp.py [django.server:131] [INFO]- "POST /monitor_server HTTP/1.1" 200 8
2017-03-01 18:38:38,737 basehttp.py [django.server:131] [INFO]- "POST /monitor_server HTTP/1.1" 200 8
2017-03-01 18:38:38,842 basehttp.py [django.server:131] [INFO]- "POST /monitor_server HTTP/1.1" 200 8
2017-03-01 18:38:38,944 basehttp.py [django.server:131] [INFO]- "POST /monitor_server HTTP/1.1" 200 8
2017-03-01 18:38:40,372 basehttp.py [django.server:131] [INFO]- "POST /monitor_server HTTP/1.1" 200 8
2017-03-01 18:38:40,693 basehttp.py [django.server:131] [INFO]- "POST /monitor_server HTTP/1.1" 200 8
2017-03-01 18:38:40,797 basehttp.py [django.server:131] [INFO]- "POST /monitor_server HTTP/1.1" 200 8
2017-03-01 18:38:40,896 basehttp.py [django.server:131] [INFO]- "POST /monitor_server HTTP/1.1" 200 8
2017-03-01 18:38:40,914 basehttp.py [django.server:131] [INFO]- "POST /monitor_server HTTP/1.1" 200 8
2017-03-01 18:38:40,932 basehttp.py [django.server:131] [INFO]- "POST /monitor_server HTTP/1.1" 200 8
2017-03-01 18:38:44,436 basehttp.py [django.server:131] [INFO]- "POST /monitor_server HTTP/1.1" 200 8
2017-03-01 18:38:44,811 basehttp.py [django.server:131] [INFO]- "POST /monitor_server HTTP/1.1" 200 8
2017-03-01 18:38:44,917 basehttp.py [django.server:131] [INFO]- "POST /monitor_server HTTP/1.1" 200 8
2017-03-01 18:38:45,034 basehttp.py [django.server:131] [INFO]- "POST /monitor_server HTTP/1.1" 200 8
2017-03-01 18:38:46,555 basehttp.py [django.server:131] [INFO]- "POST /monitor_server HTTP/1.1" 200 8
2017-03-01 18:38:46,916 basehttp.py [django.server:131] [INFO]- "POST /monitor_server HTTP/1.1" 200 8
2017-03-01 18:38:47,014 basehttp.py [django.server:131] [INFO]- "POST /monitor_server HTTP/1.1" 200 8
2017-03-01 18:38:47,111 basehttp.py [django.server:131] [INFO]- "POST /monitor_server HTTP/1.1" 200 8
2017-03-01 18:38:47,300 basehttp.py [django.server:131] [INFO]- "POST /monitor_server HTTP/1.1" 200 8
2017-03-01 18:38:47,395 basehttp.py [django.server:131] [INFO]- "POST /monitor_server HTTP/1.1" 200 8
2017-03-01 18:49:12,132 basehttp.py [django.server:131] [INFO]- "GET /monitor_server HTTP/1.1" 200 16
